Build started 2016/6/28 18:05:46.
     1>Project "E:\cppproject\OpenGl\CreateWindow\CreateWindow.vcxproj" on node 2 (Build target(s)).
     1>C:\Program Files (x86)\MSBuild\Microsoft.Cpp\v4.0\V120\Microsoft.CppBuild.targets(942,5): warning MSB8027: Two or more files with the name of GLView.cpp will produce outputs to the same location. This can lead to an incorrect build result.  The files involved are ..\base\GLView.cpp, GLView.cpp.
     1>ClCompile:
         C:\Program Files (x86)\Microsoft Visual Studio 12.0\VC\bin\CL.exe /c /IE:\cppproject\OpenGl\glfw3 /IE:\cppproject\OpenGl\base /IE:\cppproject\OpenGl\glew\GL /IE:\cppproject\OpenGl\glew /IE:\cppproject\OpenGl\math /IE:\cppproject\OpenGl\ /ZI /nologo /W3 /WX- /sdl /Od /Oy- /D WIN32 /D _DEBUG /D _CONSOLE /D _LIB /D _CRT_SECURE_NO_WARNINGS /D _UNICODE /D UNICODE /Gm /EHsc /RTC1 /MDd /GS /fp:precise /Zc:wchar_t /Zc:forScope /Fo"Debug\\" /Fd"Debug\vc120.pdb" /Gd /TP /analyze- /errorReport:prompt GLView.cpp
         GLView.cpp
     1>e:\cppproject\opengl\createwindow\glview.cpp(284): warning C4305: 'argument' : truncation from 'double' to 'GLclampf'
       Link:
         C:\Program Files (x86)\Microsoft Visual Studio 12.0\VC\bin\link.exe /ERRORREPORT:PROMPT /OUT:"E:\cppproject\OpenGl\Debug\CreateWindow.exe" /INCREMENTAL /NOLOGO /LIBPATH:E:\cppproject\OpenGl\lib glfw3.lib opengl32.lib glew32.lib kernel32.lib user32.lib gdi32.lib winspool.lib comdlg32.lib advapi32.lib shell32.lib ole32.lib oleaut32.lib uuid.lib odbc32.lib odbccp32.lib /NODEFAULTLIB:libcmtd.lib /MANIFEST /MANIFESTUAC:"level='asInvoker' uiAccess='false'" /manifest:embed /DEBUG /PDB:"E:\cppproject\OpenGl\Debug\CreateWindow.pdb" /SUBSYSTEM:CONSOLE /TLBID:1 /DYNAMICBASE /NXCOMPAT /IMPLIB:"E:\cppproject\OpenGl\Debug\CreateWindow.lib" /MACHINE:X86 Debug\CommonUtil.obj
         Debug\GLView.obj
         Debug\ccType.obj
         Debug\CCAffineTransform.obj
         Debug\CCGeometry.obj
         Debug\CCVertex.obj
         Debug\Mat4.obj
         Debug\MathUtil.obj
         Debug\Quaternion.obj
         Debug\TransformUtils.obj
         Debug\Vec2.obj
         Debug\Vec3.obj
         Debug\Vec4.obj
         Debug\GLView.obj
         Debug\main.obj
         CreateWindow.vcxproj -> E:\cppproject\OpenGl\Debug\CreateWindow.exe
     1>Done Building Project "E:\cppproject\OpenGl\CreateWindow\CreateWindow.vcxproj" (Build target(s)).

Build succeeded.

Time Elapsed 00:00:00.81
