Build started 2016/6/30 18:12:42.
     1>Project "E:\cppproject\OpenGl\OpenGl\CreateWindow\CreateWindow.vcxproj" on node 2 (Build target(s)).
     1>ClCompile:
         C:\Program Files (x86)\Microsoft Visual Studio 12.0\VC\bin\CL.exe /c /IE:\cppproject\OpenGl\OpenGl\glfw3 /IE:\cppproject\OpenGl\OpenGl\base /IE:\cppproject\OpenGl\OpenGl\glew\GL /IE:\cppproject\OpenGl\OpenGl\glew /IE:\cppproject\OpenGl\OpenGl\math /IE:\cppproject\OpenGl\OpenGl\ /IE:\cppproject\OpenGl\OpenGl\parse\tinyxml2 /IE:\cppproject\OpenGl\OpenGl\parse\rapid /IE:\cppproject\OpenGl\OpenGl\parse /IE:\cppproject\OpenGl\OpenGl\unzip /IE:\cppproject\OpenGl\OpenGl\zlib\include /IE:\cppproject\OpenGl\OpenGl\image\png\include /IE:\cppproject\OpenGl\OpenGl\image\jpeg /IE:\cppproject\OpenGl\OpenGl\image\etc /IE:\cppproject\OpenGl\OpenGl\image\atitc /IE:\cppproject\OpenGl\OpenGl\image\pvr /IE:\cppproject\OpenGl\OpenGl\image\s3tc /IE:\cppproject\OpenGl\OpenGl\image\TGAlib /ZI /nologo /W3 /WX- /sdl /Od /Oy- /D WIN32 /D _DEBUG /D _CONSOLE /D _LIB /D _CRT_SECURE_NO_WARNINGS /D _UNICODE /D UNICODE /Gm /EHsc /RTC1 /MDd /GS /fp:precise /Zc:wchar_t /Zc:forScope /Fo"Debug\\" /Fd"Debug\vc120.pdb" /Gd /TP /analyze- /errorReport:prompt /wd4403 ..\render\GLProgram.cpp
         GLProgram.cpp
     1>e:\cppproject\opengl\opengl\render\glprogram.cpp(153): warning C4101: 'length' : unreferenced local variable
     1>e:\cppproject\opengl\opengl\render\glprogram.cpp(154): warning C4101: 'type' : unreferenced local variable
     1>e:\cppproject\opengl\opengl\render\glprogram.cpp(153): warning C4101: 'size' : unreferenced local variable
       Link:
         C:\Program Files (x86)\Microsoft Visual Studio 12.0\VC\bin\link.exe /ERRORREPORT:PROMPT /OUT:"E:\cppproject\OpenGl\OpenGl\Debug\CreateWindow.exe" /INCREMENTAL /NOLOGO /LIBPATH:E:\cppproject\OpenGl\OpenGl\lib glfw3.lib opengl32.lib glew32.lib libzlib.lib libjpeg.lib libpng.lib kernel32.lib user32.lib gdi32.lib winspool.lib comdlg32.lib advapi32.lib shell32.lib ole32.lib oleaut32.lib uuid.lib odbc32.lib odbccp32.lib /NODEFAULTLIB:libcmtd.lib /MANIFEST /MANIFESTUAC:"level='asInvoker' uiAccess='false'" /manifest:embed /DEBUG /PDB:"E:\cppproject\OpenGl\OpenGl\Debug\CreateWindow.pdb" /SUBSYSTEM:CONSOLE /TLBID:1 /DYNAMICBASE /NXCOMPAT /IMPLIB:"E:\cppproject\OpenGl\OpenGl\Debug\CreateWindow.lib" /MACHINE:X86 Debug\CCImage.obj
         Debug\CCValue.obj
         Debug\CommonUtil.obj
         Debug\Data.obj
         Debug\FileUtils.obj
         Debug\GLView.obj
         Debug\ccType.obj
         Debug\ZipUtils.obj
         Debug\atitc.obj
         Debug\etc1.obj
         Debug\pvr.obj
         Debug\s3tc.obj
         Debug\TGAlib.obj
         Debug\CCAffineTransform.obj
         Debug\CCGeometry.obj
         Debug\CCVertex.obj
         Debug\Mat4.obj
         Debug\MathUtil.obj
         Debug\Quaternion.obj
         Debug\TransformUtils.obj
         Debug\Vec2.obj
         Debug\Vec3.obj
         Debug\Vec4.obj
         Debug\CCRapidMaker.obj
         Debug\CCRapidParser.obj
         Debug\CCSAXParser.obj
         Debug\tinyxml2.obj
         Debug\CCTexture2D.obj
         Debug\GLProgram.obj
         Debug\QuadCommand.obj
         Debug\Render.obj
         Debug\ioapi.obj
         Debug\ioapi_mem.obj
         Debug\unzip.obj
         Debug\main.obj
         CreateWindow.vcxproj -> E:\cppproject\OpenGl\OpenGl\Debug\CreateWindow.exe
     1>Done Building Project "E:\cppproject\OpenGl\OpenGl\CreateWindow\CreateWindow.vcxproj" (Build target(s)).

Build succeeded.

Time Elapsed 00:00:01.30
